/opt/projetus/facilitador/DLLs/DLLs_MSSTDFMT.DLL
/opt/projetus/facilitador/cache/.gitignore
/opt/projetus/facilitador/cache/.nodelete
/usr/local/bin/updater.sh
/usr/local/bin/linphone.sh
/usr/local/bin/IRPF.sh
/usr/local/bin/sped-ecd.sh
/usr/local/bin/folha.sh
/usr/local/bin/DIRF.sh
/usr/local/bin/facilitador.sh
/usr/local/bin/fiscal.sh
/usr/local/bin/funcoes.sh
/usr/local/bin/sped-ecf.sh
/usr/local/bin/projetus.sh
/usr/local/bin/contabil.sh
/usr/local/bin/efd-icms-ipi.sh
/usr/local/bin/sped-efd-contribuicoes.sh
/usr/share/doc/facilitador/ajuda.odt
/usr/share/doc/facilitador/install.sh
/usr/share/doc/facilitador/README.md
/usr/share/doc/facilitador/facilitador-linux-acao.sh
/usr/share/doc/facilitador/facilitador-linux-instalacao.log
/usr/share/doc/facilitador/ChangeLog
/usr/share/doc/facilitador/README-original.md
/usr/share/doc/facilitador/LICENSE
/usr/share/applications/DIRF.desktop
/usr/share/applications/facilitador.desktop
/usr/share/applications/Consultar-NF-e.desktop
/usr/share/applications/CobrancaCaixa.desktop
/usr/share/applications/sintegra.desktop
/usr/share/applications/sva.desktop
/usr/share/applications/sped-ecd.desktop
/usr/share/applications/sped-ecf.desktop
/usr/share/applications/efd-icms-ipi.desktop
/usr/share/applications/IRPF.desktop
/usr/share/applications/calima-app-local.desktop
/usr/share/applications/efd-contribuicoes.desktop
/usr/share/applications/govbr.desktop
/usr/share/applications/linphone.desktop
/usr/share/icons/facilitador/icon.png
/usr/share/icons/facilitador/calima-app-local.png
/usr/share/icons/facilitador/rfb.png
/usr/share/icons/facilitador/NFe.png
/usr/share/icons/facilitador/gov.br.png
/usr/share/icons/facilitador/logo.ico
/usr/share/icons/facilitador/CobrancaCaixa.ico
/usr/share/icons/facilitador/RFB.ico
/usr/share/icons/facilitador/sintegra.png
/usr/share/icons/facilitador/GDRAIS.ico
/usr/share/icons/facilitador/linphone_logo.ico
